<?xml version="1.0" encoding="UTF-8"?>
<testng-results ignored="0" total="1" passed="1" failed="0" skipped="0">
  <reporter-output>
  </reporter-output>
  <suite started-at="2021-05-06T09:26:55 IST" name="Default suite" finished-at="2021-05-06T09:27:41 IST" duration-ms="45865">
    <groups>
      <group name="smokeTest">
        <method signature="TC_51_SearchLeadByAnnualRev_Test.TC_51_search_lead_byannualrev_Test()[pri:0, instance:com.crm.vtigerTests.TC_51_SearchLeadByAnnualRev_Test@5552768b]" name="TC_51_search_lead_byannualrev_Test" class="com.crm.vtigerTests.TC_51_SearchLeadByAnnualRev_Test"/>
      </group> <!-- smokeTest -->
    </groups>
    <test started-at="2021-05-06T09:26:55 IST" name="Default test" finished-at="2021-05-06T09:27:41 IST" duration-ms="45865">
      <class name="com.crm.vtigerTests.TC_51_SearchLeadByAnnualRev_Test">
        <test-method is-config="true" signature="configBS()[pri:0, instance:com.crm.vtigerTests.TC_51_SearchLeadByAnnualRev_Test@5552768b]" started-at="2021-05-06T09:26:55 IST" name="configBS" finished-at="2021-05-06T09:26:55 IST" duration-ms="24" status="PASS">
          <reporter-output>
          </reporter-output>
        </test-method> <!-- configBS -->
        <test-method is-config="true" signature="configBT()[pri:0, instance:com.crm.vtigerTests.TC_51_SearchLeadByAnnualRev_Test@5552768b]" started-at="2021-05-06T09:26:55 IST" name="configBT" finished-at="2021-05-06T09:26:55 IST" duration-ms="3" status="PASS">
          <reporter-output>
          </reporter-output>
        </test-method> <!-- configBT -->
        <test-method is-config="true" signature="configBC()[pri:0, instance:com.crm.vtigerTests.TC_51_SearchLeadByAnnualRev_Test@5552768b]" started-at="2021-05-06T09:26:55 IST" name="configBC" finished-at="2021-05-06T09:27:02 IST" duration-ms="7001" status="PASS">
          <reporter-output>
          </reporter-output>
        </test-method> <!-- configBC -->
        <test-method is-config="true" signature="setUp()[pri:0, instance:com.crm.vtigerTests.TC_51_SearchLeadByAnnualRev_Test@5552768b]" started-at="2021-05-06T09:27:02 IST" name="setUp" finished-at="2021-05-06T09:27:13 IST" duration-ms="10585" status="PASS">
          <reporter-output>
          </reporter-output>
        </test-method> <!-- setUp -->
        <test-method signature="TC_51_search_lead_byannualrev_Test()[pri:0, instance:com.crm.vtigerTests.TC_51_SearchLeadByAnnualRev_Test@5552768b]" started-at="2021-05-06T09:27:13 IST" name="TC_51_search_lead_byannualrev_Test" finished-at="2021-05-06T09:27:35 IST" duration-ms="22134" status="PASS">
          <reporter-output>
          </reporter-output>
        </test-method> <!-- TC_51_search_lead_byannualrev_Test -->
        <test-method is-config="true" signature="tearDown()[pri:0, instance:com.crm.vtigerTests.TC_51_SearchLeadByAnnualRev_Test@5552768b]" started-at="2021-05-06T09:27:35 IST" name="tearDown" finished-at="2021-05-06T09:27:38 IST" duration-ms="3009" status="PASS">
          <reporter-output>
          </reporter-output>
        </test-method> <!-- tearDown -->
        <test-method is-config="true" signature="configAC()[pri:0, instance:com.crm.vtigerTests.TC_51_SearchLeadByAnnualRev_Test@5552768b]" started-at="2021-05-06T09:27:38 IST" name="configAC" finished-at="2021-05-06T09:27:41 IST" duration-ms="2866" status="PASS">
          <reporter-output>
          </reporter-output>
        </test-method> <!-- configAC -->
        <test-method is-config="true" signature="configAT()[pri:0, instance:com.crm.vtigerTests.TC_51_SearchLeadByAnnualRev_Test@5552768b]" started-at="2021-05-06T09:27:41 IST" name="configAT" finished-at="2021-05-06T09:27:41 IST" duration-ms="1" status="PASS">
          <reporter-output>
          </reporter-output>
        </test-method> <!-- configAT -->
        <test-method is-config="true" signature="configAS()[pri:0, instance:com.crm.vtigerTests.TC_51_SearchLeadByAnnualRev_Test@5552768b]" started-at="2021-05-06T09:27:41 IST" name="configAS" finished-at="2021-05-06T09:27:41 IST" duration-ms="0" status="PASS">
          <reporter-output>
          </reporter-output>
        </test-method> <!-- configAS -->
      </class> <!-- com.crm.vtigerTests.TC_51_SearchLeadByAnnualRev_Test -->
    </test> <!-- Default test -->
  </suite> <!-- Default suite -->
</testng-results>
